# JRE version: OpenJDK Runtime Environment (17.0.10) (build 17.0.10+0--11609105)
# Java VM: OpenJDK 64-Bit Server VM (17.0.10+0--11609105, mixed mode, tiered, compressed oops, compressed class ptrs, g1 gc, windows-amd64)
GC Precious Log:
 CPUs: 8 total, 8 available
 Memory: 7975M
 Large Page Support: Disabled
 NUMA Support: Disabled
 Compressed Oops: Enabled (32-bit)
 Heap Region Size: 1M
 Heap Min Capacity: 8M
 Heap Initial Capacity: 126M
 Heap Max Capacity: 2G
 Pre-touch: Disabled
 Parallel Workers: 8
 Concurrent Workers: 2
 Concurrent Refinement Workers: 8
 Periodic GC: Disabled
Heap:
 garbage-first heap   total 135168K, used 90270K [0x0000000080000000, 0x0000000100000000)
  region size 1024K, 17 young (17408K), 3 survivors (3072K)
 Metaspace       used 74074K, committed 74688K, reserved 1114112K
  class space    used 10058K, committed 10368K, reserved 1048576K
GC Heap History (20 events):
Event: 24.070 GC heap before
{Heap before GC invocations=23 (full 0):
 garbage-first heap   total 104448K, used 68358K [0x0000000080000000, 0x0000000100000000)
  region size 1024K, 10 young (10240K), 1 survivors (1024K)
 Metaspace       used 58556K, committed 59072K, reserved 1114112K
  class space    used 8010K, committed 8256K, reserved 1048576K
}
Event: 24.072 GC heap after
{Heap after GC invocations=24 (full 0):
 garbage-first heap   total 104448K, used 61554K [0x0000000080000000, 0x0000000100000000)
  region size 1024K, 1 young (1024K), 1 survivors (1024K)
 Metaspace       used 58556K, committed 59072K, reserved 1114112K
  class space    used 8010K, committed 8256K, reserved 1048576K
}
Event: 24.286 GC heap before
{Heap before GC invocations=25 (full 0):
 garbage-first heap   total 111616K, used 77938K [0x0000000080000000, 0x0000000100000000)
  region size 1024K, 17 young (17408K), 1 survivors (1024K)
 Metaspace       used 59833K, committed 60416K, reserved 1114112K
  class space    used 8186K, committed 8448K, reserved 1048576K
}
Event: 24.288 GC heap after
{Heap after GC invocations=26 (full 0):
 garbage-first heap   total 111616K, used 63048K [0x0000000080000000, 0x0000000100000000)
  region size 1024K, 2 young (2048K), 2 survivors (2048K)
 Metaspace       used 59833K, committed 60416K, reserved 1114112K
  class space    used 8186K, committed 8448K, reserved 1048576K
}
Event: 24.348 GC heap before
{Heap before GC invocations=26 (full 0):
 garbage-first heap   total 111616K, used 66120K [0x0000000080000000, 0x0000000100000000)
  region size 1024K, 5 young (5120K), 2 survivors (2048K)
 Metaspace       used 60097K, committed 60672K, reserved 1114112K
  class space    used 8224K, committed 8512K, reserved 1048576K
}
Event: 24.351 GC heap after
{Heap after GC invocations=27 (full 0):
 garbage-first heap   total 111616K, used 62544K [0x0000000080000000, 0x0000000100000000)
  region size 1024K, 1 young (1024K), 1 survivors (1024K)
 Metaspace       used 60097K, committed 60672K, reserved 1114112K
  class space    used 8224K, committed 8512K, reserved 1048576K
}
Event: 24.787 GC heap before
{Heap before GC invocations=27 (full 0):
 garbage-first heap   total 111616K, used 84048K [0x0000000080000000, 0x0000000100000000)
  region size 1024K, 23 young (23552K), 1 survivors (1024K)
 Metaspace       used 62260K, committed 62848K, reserved 1114112K
  class space    used 8451K, committed 8704K, reserved 1048576K
}
Event: 24.789 GC heap after
{Heap after GC invocations=28 (full 0):
 garbage-first heap   total 111616K, used 63120K [0x0000000080000000, 0x0000000100000000)
  region size 1024K, 1 young (1024K), 1 survivors (1024K)
 Metaspace       used 62260K, committed 62848K, reserved 1114112K
  class space    used 8451K, committed 8704K, reserved 1048576K
}
Event: 25.234 GC heap before
{Heap before GC invocations=29 (full 0):
 garbage-first heap   total 111616K, used 86672K [0x0000000080000000, 0x0000000100000000)
  region size 1024K, 24 young (24576K), 1 survivors (1024K)
 Metaspace       used 64578K, committed 65152K, reserved 1114112K
  class space    used 8776K, committed 9024K, reserved 1048576K
}
Event: 25.237 GC heap after
{Heap after GC invocations=30 (full 0):
 garbage-first heap   total 111616K, used 63856K [0x0000000080000000, 0x0000000100000000)
  region size 1024K, 2 young (2048K), 2 survivors (2048K)
 Metaspace       used 64578K, committed 65152K, reserved 1114112K
  class space    used 8776K, committed 9024K, reserved 1048576K
}
Event: 25.722 GC heap before
{Heap before GC invocations=30 (full 0):
 garbage-first heap   total 111616K, used 80240K [0x0000000080000000, 0x0000000100000000)
  region size 1024K, 20 young (20480K), 2 survivors (2048K)
 Metaspace       used 67196K, committed 67776K, reserved 1114112K
  class space    used 9123K, committed 9408K, reserved 1048576K
}
Event: 25.725 GC heap after
{Heap after GC invocations=31 (full 0):
 garbage-first heap   total 111616K, used 65707K [0x0000000080000000, 0x0000000100000000)
  region size 1024K, 4 young (4096K), 4 survivors (4096K)
 Metaspace       used 67196K, committed 67776K, reserved 1114112K
  class space    used 9123K, committed 9408K, reserved 1048576K
}
Event: 25.798 GC heap before
{Heap before GC invocations=32 (full 0):
 garbage-first heap   total 135168K, used 80043K [0x0000000080000000, 0x0000000100000000)
  region size 1024K, 15 young (15360K), 4 survivors (4096K)
 Metaspace       used 67203K, committed 67776K, reserved 1114112K
  class space    used 9123K, committed 9408K, reserved 1048576K
}
Event: 25.803 GC heap after
{Heap after GC invocations=33 (full 0):
 garbage-first heap   total 135168K, used 67772K [0x0000000080000000, 0x0000000100000000)
  region size 1024K, 4 young (4096K), 4 survivors (4096K)
 Metaspace       used 67203K, committed 67776K, reserved 1114112K
  class space    used 9123K, committed 9408K, reserved 1048576K
}
Event: 26.411 GC heap before
{Heap before GC invocations=34 (full 0):
 garbage-first heap   total 135168K, used 98492K [0x0000000080000000, 0x0000000100000000)
  region size 1024K, 33 young (33792K), 4 survivors (4096K)
 Metaspace       used 69354K, committed 70016K, reserved 1114112K
  class space    used 9423K, committed 9728K, reserved 1048576K
}
Event: 26.415 GC heap after
{Heap after GC invocations=35 (full 0):
 garbage-first heap   total 135168K, used 70322K [0x0000000080000000, 0x0000000100000000)
  region size 1024K, 2 young (2048K), 2 survivors (2048K)
 Metaspace       used 69354K, committed 70016K, reserved 1114112K
  class space    used 9423K, committed 9728K, reserved 1048576K
}
Event: 27.204 GC heap before
{Heap before GC invocations=35 (full 0):
 garbage-first heap   total 135168K, used 101042K [0x0000000080000000, 0x0000000100000000)
  region size 1024K, 32 young (32768K), 2 survivors (2048K)
 Metaspace       used 71447K, committed 72000K, reserved 1114112K
  class space    used 9706K, committed 9984K, reserved 1048576K
}
Event: 27.208 GC heap after
{Heap after GC invocations=36 (full 0):
 garbage-first heap   total 135168K, used 71622K [0x0000000080000000, 0x0000000100000000)
  region size 1024K, 3 young (3072K), 3 survivors (3072K)
 Metaspace       used 71447K, committed 72000K, reserved 1114112K
  class space    used 9706K, committed 9984K, reserved 1048576K
}
Event: 27.578 GC heap before
{Heap before GC invocations=37 (full 0):
 garbage-first heap   total 135168K, used 80838K [0x0000000080000000, 0x0000000100000000)
  region size 1024K, 13 young (13312K), 3 survivors (3072K)
 Metaspace       used 73093K, committed 73728K, reserved 1114112K
  class space    used 9914K, committed 10240K, reserved 1048576K
}
Event: 27.582 GC heap after
{Heap after GC invocations=38 (full 0):
 garbage-first heap   total 135168K, used 72862K [0x0000000080000000, 0x0000000100000000)
  region size 1024K, 3 young (3072K), 3 survivors (3072K)
 Metaspace       used 73093K, committed 73728K, reserved 1114112K
  class space    used 9914K, committed 10240K, reserved 1048576K
}

